Determining if the pthread_create exist failed with the following output:
Change Dir: /home/micros/catkin_new/build/CMakeFiles/CMakeTmp

Run Build Command:"/usr/bin/make" "cmTC_a99bd/fast"
/usr/bin/make -f CMakeFiles/cmTC_a99bd.dir/build.make CMakeFiles/cmTC_a99bd.dir/build
make[1]: Entering directory '/home/micros/catkin_new/build/CMakeFiles/CMakeTmp'
Building C object CMakeFiles/cmTC_a99bd.dir/CheckSymbolExists.c.o
/usr/bin/cc     -o CMakeFiles/cmTC_a99bd.dir/CheckSymbolExists.c.o   -c /home/micros/catkin_new/build/CMakeFiles/CMakeTmp/CheckSymbolExists.c
Linking C executable cmTC_a99bd
/usr/bin/cmake -E cmake_link_script CMakeFiles/cmTC_a99bd.dir/link.txt --verbose=1
/usr/bin/cc       CMakeFiles/cmTC_a99bd.dir/CheckSymbolExists.c.o  -o cmTC_a99bd -rdynamic 
CMakeFiles/cmTC_a99bd.dir/CheckSymbolExists.c.o: In function `main':
CheckSymbolExists.c:(.text+0x16): undefined reference to `pthread_create'
collect2: error: ld returned 1 exit status
CMakeFiles/cmTC_a99bd.dir/build.make:97: recipe for target 'cmTC_a99bd' failed
make[1]: *** [cmTC_a99bd] Error 1
make[1]: Leaving directory '/home/micros/catkin_new/build/CMakeFiles/CMakeTmp'
Makefile:126: recipe for target 'cmTC_a99bd/fast' failed
make: *** [cmTC_a99bd/fast] Error 2

File /home/micros/catkin_new/build/CMakeFiles/CMakeTmp/CheckSymbolExists.c:
/* */
#include <pthread.h>

int main(int argc, char** argv)
{
  (void)argv;
#ifndef pthread_create
  return ((int*)(&pthread_create))[argc];
#else
  (void)argc;
  return 0;
#endif
}

Determining if the function pthread_create exists in the pthreads failed with the following output:
Change Dir: /home/micros/catkin_new/build/CMakeFiles/CMakeTmp

Run Build Command:"/usr/bin/make" "cmTC_2e618/fast"
/usr/bin/make -f CMakeFiles/cmTC_2e618.dir/build.make CMakeFiles/cmTC_2e618.dir/build
make[1]: Entering directory '/home/micros/catkin_new/build/CMakeFiles/CMakeTmp'
Building C object CMakeFiles/cmTC_2e618.dir/CheckFunctionExists.c.o
/usr/bin/cc    -DCHECK_FUNCTION_EXISTS=pthread_create   -o CMakeFiles/cmTC_2e618.dir/CheckFunctionExists.c.o   -c /usr/share/cmake-3.5/Modules/CheckFunctionExists.c
Linking C executable cmTC_2e618
/usr/bin/cmake -E cmake_link_script CMakeFiles/cmTC_2e618.dir/link.txt --verbose=1
/usr/bin/cc   -DCHECK_FUNCTION_EXISTS=pthread_create    CMakeFiles/cmTC_2e618.dir/CheckFunctionExists.c.o  -o cmTC_2e618 -rdynamic -lpthreads 
/usr/bin/ld: cannot find -lpthreads
collect2: error: ld returned 1 exit status
CMakeFiles/cmTC_2e618.dir/build.make:97: recipe for target 'cmTC_2e618' failed
make[1]: *** [cmTC_2e618] Error 1
make[1]: Leaving directory '/home/micros/catkin_new/build/CMakeFiles/CMakeTmp'
Makefile:126: recipe for target 'cmTC_2e618/fast' failed
make: *** [cmTC_2e618/fast] Error 2


